<?xml version="1.0" encoding="UTF-8"?>
<!-- Generated by org.testng.reporters.JUnitReportReporter -->
<testsuite hostname="Realme_SlimBook" failures="0" tests="3" name="seleniumGrid.ParallelTest" time="69.097" errors="0" timestamp="2024-06-20T13:09:34 IST" skipped="0">
  <testcase classname="seleniumGrid.ParallelTest" name="testGrid" time="21.476"/>
  <system-out/>
  <testcase classname="seleniumGrid.ParallelTest" name="testGrid" time="24.214"/>
  <system-out/>
  <testcase classname="seleniumGrid.ParallelTest" name="testGrid" time="23.407"/>
  <system-out/>
</testsuite> <!-- seleniumGrid.ParallelTest -->
