<?xml version="1.0" encoding="UTF-8"?>
<!-- Generated by org.testng.reporters.JUnitReportReporter -->
<testsuite hostname="Realme_SlimBook" failures="0" tests="3" name="seleniumGrid.ParallelTest" time="95.682" errors="0" timestamp="2024-06-20T14:11:05 IST" skipped="0">
  <testcase classname="seleniumGrid.ParallelTest" name="testGrid" time="30.925"/>
  <system-out/>
  <testcase classname="seleniumGrid.ParallelTest" name="testGrid" time="29.689"/>
  <system-out/>
  <testcase classname="seleniumGrid.ParallelTest" name="testGrid" time="35.068"/>
  <system-out/>
</testsuite> <!-- seleniumGrid.ParallelTest -->
