<?xml version="1.0" encoding="UTF-8"?>
<!-- Generated by org.testng.reporters.JUnitReportReporter -->
<testsuite hostname="Realme_SlimBook" failures="0" tests="1" name="seleniumGrid.ChromeTest" time="21.339" errors="0" timestamp="2024-06-20T14:07:42 IST" skipped="0">
  <testcase classname="seleniumGrid.ChromeTest" name="testGridSetup" time="21.339"/>
  <system-out/>
</testsuite> <!-- seleniumGrid.ChromeTest -->
